Error: Something went wrong!
    at foo (/home/ec2-user/musket/temp_.js:11:11)
    at Object.<anonymous> (/home/ec2-user/musket/temp_.js:19:1)
    at Module._compile (internal/modules/cjs/loader.js:959:30)
    at Object.Module._extensions..js (internal/modules/cjs/loader.js:995:10)
    at Module.load (internal/modules/cjs/loader.js:815:32)
    at Function.Module._load (internal/modules/cjs/loader.js:727:14)
    at Function.Module.runMain (internal/modules/cjs/loader.js:1047:10)
    at internal/main/run_main_module.js:17:11

127.0.0.1 user-identifier frank [10/10/2000:13:55:36 -0700] "GET /apache_pb.gif HTTP/1.0" 200 2326

127.0.0.1 user-identifier frank [2000-10-10T13:55:36.000Z] "GET /apache_pb.gif HTTP/1.0" 200 2326

foobar.Exception

Warn: You should know about this!

Info: This is some information.

[verbose]
https://github.com/emilast/vscode-logfile-highlighter/commit/e90aa2554b439827f125fd60ff6d7773fc582fcc

2005-03-23 23:47:11,671 - spam_application - INFO - calling auxiliary_module.some_function()
2005-03-23 23:47:11,672 - spam_application.auxiliary - INFO - received a call to 'some_function'
2005-03-23 23:47:11,673 - spam_application - INFO - done with auxiliary_module.some_function()

10-22 22:19 root         INFO     Jackdaws love my big sphinx of quartz.
10-22 22:19 myapp.area1  DEBUG    Quick zephyrs blow, vexing daft Jim.
10-22 22:19 myapp.area1  INFO     How quickly daft jumping zebras vex.
10-22 22:19 myapp.area2  WARNING  Jail zesty vixen who grabbed pay from quack.
10-22 22:19 myapp.area2  ERROR    The five boxing wizards jump quickly.
